[2015-04-11 07:47:10] production.INFO: ========== Share post ========== [] []
[2015-04-11 07:47:10] production.INFO: Inputs {"timeline_id":"3082","_url":"/1.0/posts/218421/share"} []
[2015-04-11 07:47:10] production.INFO: Result {"headers":{"HTTP/1.1":"200 OK","Server":"nginx/1.0.15","Date":"Sat, 11 Apr 2015 00:47:10 GMT","Content-Type":"application/json","Connection":"keep-alive","X-Powered-By":"PHP/5.4.37","Set-Cookie":"PHPSESSID=t73rmine82h1f3m1rga2dkrsv4; path=/","Expires":"Thu, 19 Nov 1981 08:52:00 GMT","Cache-Control":"no-store, no-cache, must-revalidate, post-check=0, pre-check=0","Pragma":"no-cache","Content-Length":"458","Front-End-Https":"on"},"body":"{\"status\":200,\"button_html\":\"<button class=\\\"story-share-btn unshare\\\" type=\\\"button\\\" onclick=\\\"SK_registerStoryShare(218421);\\\" title=\\\"Unshare\\\">\\n\\t<i class=\\\"icon-share-alt progress-icon\\\" data-icon=\\\"share-alt\\\"><\\/i> Unshare<\\/button>\",\"activity_html\":\"<span class=\\\"share-activity activity-btn\\\" onclick=\\\"SK_getStoryShares(218421);\\\" title=\\\"Shares\\\">\\r\\n    1    <i class=\\\"icon-share-alt progress-icon\\\" data-icon=\\\"share-alt\\\"><\\/i>\\r\\n<\\/span>\"}","info":{"url":"https://www.vdomax.com/ajax.php?t=post&a=share&post_id=218421&token=&user_id=3082&user_pass=546f1438106eb39e159e8bf9b366eb57&timeline_id=3082","content_type":"application/json","http_code":200,"header_size":397,"request_size":294,"filetime":-1,"ssl_verify_result":0,"redirect_count":0,"total_time":0.265315,"namelookup_time":0.000172,"connect_time":0.000263,"pretransfer_time":0.020389,"size_upload":53,"size_download":458,"speed_download":1726,"speed_upload":199,"download_content_length":458,"upload_content_length":0,"starttransfer_time":0.265273,"redirect_time":0,"certinfo":[],"primary_ip":"150.107.31.9","redirect_url":""}} []
[2015-04-11 07:47:20] production.INFO: ========== Like post ========== [] []
[2015-04-11 07:47:20] production.INFO: Inputs {"id":"218421"} []
[2015-04-11 07:47:21] production.INFO: Result {"headers":{"HTTP/1.1":"200 OK","Server":"nginx/1.0.15","Date":"Sat, 11 Apr 2015 00:47:21 GMT","Content-Type":"application/json","Connection":"keep-alive","X-Powered-By":"PHP/5.4.37","Set-Cookie":"PHPSESSID=4v488oqq438fgustfebd9vfek0; path=/","Expires":"Thu, 19 Nov 1981 08:52:00 GMT","Cache-Control":"no-store, no-cache, must-revalidate, post-check=0, pre-check=0","Pragma":"no-cache","Content-Length":"439","Front-End-Https":"on"},"body":"{\"status\":200,\"button_html\":\"<button class=\\\"story-like-btn break\\\" type=\\\"button\\\" onclick=\\\"SK_registerStoryLike(218421);\\\" title=\\\"Loved\\\">\\n\\t<i class=\\\"icon-heart-empty progress-icon\\\" data-icon=\\\"heart-empty\\\"><\\/i> Loved<\\/button>\",\"activity_html\":\"<span class=\\\"like-activity activity-btn\\\" onclick=\\\"SK_getStoryLikes(218421);\\\" title=\\\"Loves\\\">\\n    1    <i class=\\\"icon-heart progress-icon\\\" data-icon=\\\"heart\\\"><\\/i>\\n<\\/span>\"}","info":{"url":"https://www.vdomax.com/ajax.php?t=post&a=like&post_id=218421&token=&user_id=3082&user_pass=546f1438106eb39e159e8bf9b366eb57&timeline_id=3082","content_type":"application/json","http_code":200,"header_size":397,"request_size":170,"filetime":-1,"ssl_verify_result":0,"redirect_count":0,"total_time":0.253558,"namelookup_time":0.000221,"connect_time":0.000283,"pretransfer_time":0.016334,"size_upload":0,"size_download":439,"speed_download":1731,"speed_upload":0,"download_content_length":439,"upload_content_length":0,"starttransfer_time":0.253522,"redirect_time":0,"certinfo":[],"primary_ip":"150.107.31.9","redirect_url":""}} []
[2015-04-11 07:56:39] production.INFO: ========== Follow post ========== [] []
[2015-04-11 10:53:21] production.INFO: ========== Follow post ========== [] []
[2015-04-11 10:57:17] production.INFO: ========== Follow post ========== [] []
[2015-04-11 10:57:21] production.INFO: ========== Follow post ========== [] []
[2015-04-11 11:01:13] production.INFO: ========== Like post ========== [] []
[2015-04-11 11:01:13] production.INFO: Inputs {"id":"0"} []
[2015-04-11 11:01:13] production.INFO: Result {"headers":{"HTTP/1.1":"200 OK","Server":"nginx/1.0.15","Date":"Sat, 11 Apr 2015 04:01:13 GMT","Content-Type":"text/html; charset=UTF-8","Connection":"keep-alive","X-Powered-By":"PHP/5.4.37","Set-Cookie":"PHPSESSID=jfbomcll22dmdtkrl3vo5b9ub3; path=/","Expires":"Thu, 19 Nov 1981 08:52:00 GMT","Cache-Control":"no-store, no-cache, must-revalidate, post-check=0, pre-check=0","Pragma":"no-cache","Content-Length":"0","Front-End-Https":"on"},"body":false,"info":{"url":"https://www.vdomax.com/ajax.php?t=post&a=like&post_id=0&token=&user_id=3082&user_pass=546f1438106eb39e159e8bf9b366eb57&timeline_id=3082","content_type":"text/html; charset=UTF-8","http_code":200,"header_size":403,"request_size":165,"filetime":-1,"ssl_verify_result":0,"redirect_count":0,"total_time":0.064638,"namelookup_time":0.000202,"connect_time":0.000291,"pretransfer_time":0.016128,"size_upload":0,"size_download":0,"speed_download":0,"speed_upload":0,"download_content_length":0,"upload_content_length":0,"starttransfer_time":0.064605,"redirect_time":0,"certinfo":[],"primary_ip":"150.107.31.9","redirect_url":""}} []
[2015-04-11 11:01:21] production.INFO: ========== Like post ========== [] []
[2015-04-11 11:01:21] production.INFO: Inputs {"id":"218497"} []
[2015-04-11 11:01:21] production.INFO: Result {"headers":{"HTTP/1.1":"200 OK","Server":"nginx/1.0.15","Date":"Sat, 11 Apr 2015 04:01:21 GMT","Content-Type":"application/json","Connection":"keep-alive","X-Powered-By":"PHP/5.4.37","Set-Cookie":"PHPSESSID=djdvr8j872ectg4rl1bt6h0200; path=/","Expires":"Thu, 19 Nov 1981 08:52:00 GMT","Cache-Control":"no-store, no-cache, must-revalidate, post-check=0, pre-check=0","Pragma":"no-cache","Content-Length":"439","Front-End-Https":"on"},"body":"{\"status\":200,\"button_html\":\"<button class=\\\"story-like-btn break\\\" type=\\\"button\\\" onclick=\\\"SK_registerStoryLike(218497);\\\" title=\\\"Loved\\\">\\n\\t<i class=\\\"icon-heart-empty progress-icon\\\" data-icon=\\\"heart-empty\\\"><\\/i> Loved<\\/button>\",\"activity_html\":\"<span class=\\\"like-activity activity-btn\\\" onclick=\\\"SK_getStoryLikes(218497);\\\" title=\\\"Loves\\\">\\n    1    <i class=\\\"icon-heart progress-icon\\\" data-icon=\\\"heart\\\"><\\/i>\\n<\\/span>\"}","info":{"url":"https://www.vdomax.com/ajax.php?t=post&a=like&post_id=218497&token=&user_id=3082&user_pass=546f1438106eb39e159e8bf9b366eb57&timeline_id=3082","content_type":"application/json","http_code":200,"header_size":397,"request_size":170,"filetime":-1,"ssl_verify_result":0,"redirect_count":0,"total_time":0.16878,"namelookup_time":0.000176,"connect_time":0.000251,"pretransfer_time":0.01611,"size_upload":0,"size_download":439,"speed_download":2601,"speed_upload":0,"download_content_length":439,"upload_content_length":0,"starttransfer_time":0.168744,"redirect_time":0,"certinfo":[],"primary_ip":"150.107.31.9","redirect_url":""}} []
[2015-04-11 11:01:22] production.INFO: ========== Like post ========== [] []
[2015-04-11 11:01:22] production.INFO: Inputs {"id":"218497"} []
[2015-04-11 11:01:22] production.INFO: Result {"headers":{"HTTP/1.1":"200 OK","Server":"nginx/1.0.15","Date":"Sat, 11 Apr 2015 04:01:22 GMT","Content-Type":"application/json","Connection":"keep-alive","X-Powered-By":"PHP/5.4.37","Set-Cookie":"PHPSESSID=pqdi1eu8g236kr85ices2st3k6; path=/","Expires":"Thu, 19 Nov 1981 08:52:00 GMT","Cache-Control":"no-store, no-cache, must-revalidate, post-check=0, pre-check=0","Pragma":"no-cache","Content-Length":"424","Front-End-Https":"on"},"body":"{\"status\":200,\"button_html\":\"<button class=\\\"story-like-btn love\\\" type=\\\"button\\\" onclick=\\\"SK_registerStoryLike(218497);\\\" title=\\\"Love\\\">\\n\\t<i class=\\\"icon-heart progress-icon\\\" data-icon=\\\"heart\\\"><\\/i> Love<\\/button>\",\"activity_html\":\"<span class=\\\"like-activity activity-btn\\\" onclick=\\\"SK_getStoryLikes(218497);\\\" title=\\\"Loves\\\">\\n    0    <i class=\\\"icon-heart progress-icon\\\" data-icon=\\\"heart\\\"><\\/i>\\n<\\/span>\"}","info":{"url":"https://www.vdomax.com/ajax.php?t=post&a=like&post_id=218497&token=&user_id=3082&user_pass=546f1438106eb39e159e8bf9b366eb57&timeline_id=3082","content_type":"application/json","http_code":200,"header_size":397,"request_size":170,"filetime":-1,"ssl_verify_result":0,"redirect_count":0,"total_time":0.076088,"namelookup_time":0.000138,"connect_time":0.000205,"pretransfer_time":0.01836,"size_upload":0,"size_download":424,"speed_download":5572,"speed_upload":0,"download_content_length":424,"upload_content_length":0,"starttransfer_time":0.076054,"redirect_time":0,"certinfo":[],"primary_ip":"150.107.31.9","redirect_url":""}} []
[2015-04-11 11:02:50] production.INFO: ========== Follow post ========== [] []
[2015-04-11 11:19:52] production.INFO: ========== Follow post ========== [] []
[2015-04-11 11:20:02] production.INFO: ========== Follow post ========== [] []
[2015-04-11 11:23:04] production.INFO: ========== Follow post ========== [] []
[2015-04-11 11:24:28] production.INFO: ========== Follow post ========== [] []
[2015-04-11 11:24:48] production.INFO: ========== Follow post ========== [] []
[2015-04-11 11:25:46] production.INFO: ========== Follow post ========== [] []
[2015-04-11 11:26:04] production.INFO: ========== Follow post ========== [] []
[2015-04-11 13:37:35] production.INFO: ========== Follow post ========== [] []
[2015-04-11 13:39:23] production.INFO: ========== Follow post ========== [] []
[2015-04-11 13:40:02] production.INFO: ========== Follow post ========== [] []
[2015-04-11 13:46:04] production.INFO: ========== Follow post ========== [] []
[2015-04-11 14:21:29] production.INFO: ========== Follow post ========== [] []
[2015-04-11 15:09:10] production.INFO: ========== Follow post ========== [] []
[2015-04-11 15:28:09] production.INFO: ========== Follow post ========== [] []
[2015-04-11 16:12:04] production.INFO: ========== Follow post ========== [] []
[2015-04-11 16:14:41] production.INFO: ========== Follow post ========== [] []
[2015-04-11 22:01:53] production.INFO: ========== Follow post ========== [] []
