[2015-07-09 03:39:35] production.INFO: ========== Follow post ========== [] []
[2015-07-09 03:42:08] production.INFO: ========== Follow post ========== [] []
[2015-07-09 03:42:44] production.INFO: ========== Follow post ========== [] []
[2015-07-09 03:46:42] production.INFO: ========== Follow post ========== [] []
[2015-07-09 03:48:43] production.INFO: ========== Follow post ========== [] []
[2015-07-09 03:51:50] production.INFO: ========== Follow post ========== [] []
[2015-07-09 03:57:21] production.INFO: Result {"headers":{"HTTP/1.1":"200 OK","Server":"nginx/1.0.15","Date":"Wed, 08 Jul 2015 20:59:34 GMT","Content-Type":"application/json","Connection":"keep-alive","X-Powered-By":"PHP/5.4.37","Set-Cookie":"PHPSESSID=ko6d97u8ufquiot1e3bp9uu0o5; path=/","Expires":"Thu, 19 Nov 1981 08:52:00 GMT","Cache-Control":"no-store, no-cache, must-revalidate, post-check=0, pre-check=0","Pragma":"no-cache","Content-Length":"14","Front-End-Https":"on"},"body":"{\"status\":200}","info":{"url":"https://www.vdomax.com/ajax.php?t=user&a=settings&mobile=1&user_id=6&user_pass=039a726ac0aeec3dde33e45387a7d4ac","content_type":"application/json","http_code":200,"header_size":396,"request_size":404,"filetime":-1,"ssl_verify_result":0,"redirect_count":0,"total_time":5.665699,"namelookup_time":5.514613,"connect_time":5.516428,"pretransfer_time":5.533794,"size_upload":192,"size_download":14,"speed_download":2,"speed_upload":33,"download_content_length":14,"upload_content_length":192,"starttransfer_time":5.665643,"redirect_time":0,"redirect_url":"","primary_ip":"150.107.31.9","certinfo":[],"primary_port":443,"local_ip":"150.107.31.21","local_port":48529}} []
[2015-07-09 03:57:27] production.INFO: ========== Follow post ========== [] []
[2015-07-09 03:59:03] production.INFO: ========== Follow post ========== [] []
[2015-07-09 03:59:41] production.INFO: ========== Follow post ========== [] []
[2015-07-09 22:22:09] production.INFO: ========== Follow post ========== [] []
[2015-07-09 22:22:24] production.INFO: ========== Follow post ========== [] []
[2015-07-09 22:22:26] production.INFO: ========== Follow post ========== [] []
[2015-07-09 22:23:33] production.INFO: ========== Follow post ========== [] []
[2015-07-09 22:38:32] production.INFO: ========== Follow post ========== [] []
[2015-07-09 22:38:39] production.INFO: ========== Follow post ========== [] []
[2015-07-09 22:39:01] production.INFO: ========== Follow post ========== [] []
[2015-07-09 22:45:31] production.INFO: ========== Follow post ========== [] []
[2015-07-09 22:51:06] production.INFO: ========== Follow post ========== [] []
[2015-07-09 22:56:30] production.INFO: ========== Follow post ========== [] []
[2015-07-09 23:00:53] production.INFO: ========== Follow post ========== [] []
[2015-07-09 23:07:00] production.INFO: ========== Follow post ========== [] []
[2015-07-09 23:16:47] production.INFO: ========== Follow post ========== [] []
[2015-07-09 23:16:57] production.INFO: ========== Follow post ========== [] []
[2015-07-09 23:17:02] production.INFO: ========== Follow post ========== [] []
[2015-07-09 23:17:09] production.INFO: ========== Follow post ========== [] []
[2015-07-09 23:40:28] production.INFO: ========== Like post ========== [] []
[2015-07-09 23:40:28] production.INFO: Inputs {"id":"227719"} []
[2015-07-09 23:40:30] production.INFO: Result {"headers":{"HTTP/1.1":"200 OK","Server":"nginx/1.0.15","Date":"Thu, 09 Jul 2015 16:42:46 GMT","Content-Type":"application/json","Connection":"keep-alive","X-Powered-By":"PHP/5.4.37","Set-Cookie":"PHPSESSID=hu0o2p2q9c46jh4gdetjvksn21; path=/","Expires":"Thu, 19 Nov 1981 08:52:00 GMT","Cache-Control":"no-store, no-cache, must-revalidate, post-check=0, pre-check=0","Pragma":"no-cache","Content-Length":"439","Front-End-Https":"on"},"body":"{\"status\":200,\"button_html\":\"<button class=\\\"story-like-btn break\\\" type=\\\"button\\\" onclick=\\\"SK_registerStoryLike(227719);\\\" title=\\\"Loved\\\">\\n\\t<i class=\\\"icon-heart-empty progress-icon\\\" data-icon=\\\"heart-empty\\\"><\\/i> Loved<\\/button>\",\"activity_html\":\"<span class=\\\"like-activity activity-btn\\\" onclick=\\\"SK_getStoryLikes(227719);\\\" title=\\\"Loves\\\">\\n    5    <i class=\\\"icon-heart progress-icon\\\" data-icon=\\\"heart\\\"><\\/i>\\n<\\/span>\"}","info":{"url":"https://www.vdomax.com/ajax.php?t=post&a=like&post_id=227719&token=&user_id=6&user_pass=039a726ac0aeec3dde33e45387a7d4ac&timeline_id=6","content_type":"application/json","http_code":200,"header_size":397,"request_size":164,"filetime":-1,"ssl_verify_result":0,"redirect_count":0,"total_time":1.695733,"namelookup_time":1.510246,"connect_time":1.51116,"pretransfer_time":1.52116,"size_upload":0,"size_download":439,"speed_download":258,"speed_upload":0,"download_content_length":439,"upload_content_length":0,"starttransfer_time":1.695697,"redirect_time":0,"redirect_url":"","primary_ip":"150.107.31.9","certinfo":[],"primary_port":443,"local_ip":"150.107.31.21","local_port":41903}} []
[2015-07-09 23:41:01] production.INFO: ========== Follow post ========== [] []
[2015-07-09 23:41:22] production.INFO: ========== Follow post ========== [] []
[2015-07-09 23:41:56] production.INFO: ========== Follow post ========== [] []
