[2015-04-04 10:00:17] production.INFO: ========== Like post ========== [] []
[2015-04-04 10:00:17] production.INFO: Inputs {"id":"217845"} []
[2015-04-04 10:00:17] production.INFO: Result {"headers":{"HTTP/1.1":"200 OK","Server":"nginx/1.0.15","Date":"Sat, 04 Apr 2015 03:00:17 GMT","Content-Type":"application/json","Connection":"keep-alive","X-Powered-By":"PHP/5.4.37","Set-Cookie":"PHPSESSID=5qg8bkrb4e13e87ttek08c6or6; path=/","Expires":"Thu, 19 Nov 1981 08:52:00 GMT","Cache-Control":"no-store, no-cache, must-revalidate, post-check=0, pre-check=0","Pragma":"no-cache","Content-Length":"439","Front-End-Https":"on"},"body":"{\"status\":200,\"button_html\":\"<button class=\\\"story-like-btn break\\\" type=\\\"button\\\" onclick=\\\"SK_registerStoryLike(217845);\\\" title=\\\"Loved\\\">\\n\\t<i class=\\\"icon-heart-empty progress-icon\\\" data-icon=\\\"heart-empty\\\"><\\/i> Loved<\\/button>\",\"activity_html\":\"<span class=\\\"like-activity activity-btn\\\" onclick=\\\"SK_getStoryLikes(217845);\\\" title=\\\"Loves\\\">\\n    1    <i class=\\\"icon-heart progress-icon\\\" data-icon=\\\"heart\\\"><\\/i>\\n<\\/span>\"}","info":{"url":"https://www.vdomax.com/ajax.php?t=post&a=like&post_id=217845&token=&user_id=6&user_pass=039a726ac0aeec3dde33e45387a7d4ac&timeline_id=6","content_type":"application/json","http_code":200,"header_size":397,"request_size":164,"filetime":-1,"ssl_verify_result":0,"redirect_count":0,"total_time":0.076038,"namelookup_time":0.00024,"connect_time":0.000329,"pretransfer_time":0.017239,"size_upload":0,"size_download":439,"speed_download":5773,"speed_upload":0,"download_content_length":439,"upload_content_length":0,"starttransfer_time":0.076006,"redirect_time":0,"certinfo":[],"primary_ip":"150.107.31.9","redirect_url":""}} []
[2015-04-04 13:41:09] production.INFO: ========== Follow post ========== [] []
[2015-04-04 13:48:01] production.INFO: ========== Follow post ========== [] []
[2015-04-04 14:42:55] production.INFO: ========== Follow post ========== [] []
[2015-04-04 14:43:28] production.INFO: ========== Follow post ========== [] []
[2015-04-04 14:48:20] production.INFO: ========== Follow post ========== [] []
[2015-04-04 14:50:15] production.INFO: ========== Follow post ========== [] []
[2015-04-04 14:58:32] production.INFO: ========== Follow post ========== [] []
[2015-04-04 15:03:50] production.INFO: ========== Follow post ========== [] []
[2015-04-04 15:08:19] production.INFO: ========== Follow post ========== [] []
[2015-04-04 15:09:46] production.INFO: ========== Follow post ========== [] []
[2015-04-04 15:11:33] production.INFO: ========== Follow post ========== [] []
[2015-04-04 15:13:50] production.INFO: ========== Follow post ========== [] []
[2015-04-04 15:15:43] production.INFO: ========== Follow post ========== [] []
[2015-04-04 15:17:02] production.INFO: ========== Follow post ========== [] []
[2015-04-04 15:18:12] production.INFO: ========== Follow post ========== [] []
[2015-04-04 15:19:23] production.INFO: ========== Follow post ========== [] []
[2015-04-04 15:20:05] production.INFO: ========== Follow post ========== [] []
[2015-04-04 15:50:12] production.INFO: ========== Follow post ========== [] []
[2015-04-04 15:51:43] production.INFO: ========== Follow post ========== [] []
[2015-04-04 15:55:40] production.INFO: ========== Follow post ========== [] []
[2015-04-04 17:09:43] production.INFO: Result {"headers":{"HTTP/1.1":"200 OK","Server":"nginx/1.0.15","Date":"Sat, 04 Apr 2015 10:09:43 GMT","Content-Type":"application/json","Connection":"keep-alive","X-Powered-By":"PHP/5.4.37","Set-Cookie":"PHPSESSID=3sbqbuo8qi3quv6l38bdm4fo96; path=/","Expires":"Thu, 19 Nov 1981 08:52:00 GMT","Cache-Control":"no-store, no-cache, must-revalidate, post-check=0, pre-check=0","Pragma":"no-cache","Content-Length":"1589","Front-End-Https":"on"},"body":"{\"status\":200,\"logged\":false,\"basedir\":\"\\/home\\/vdomax\",\"message\":\"Registration successful. We have sent you an email. Please check your inbox\\/spam to verify your email ID.\",\"user\":{\"id\":\"15779\",\"about\":\"\",\"active\":\"1\",\"avatar_id\":\"0\",\"cover_id\":\"0\",\"cover_position\":\"0\",\"email\":\"manual@gmail.com\",\"email_verification_key\":\"7ec7dac118775175bbf1bbfa35dbe9e4\",\"email_verified\":\"1\",\"language\":\"\",\"last_logged\":\"0\",\"name\":\"manual 1428142175482\",\"time\":\"1428142175\",\"timestamp\":\"2015-04-04 10:09:35\",\"timezone\":\"\",\"type\":\"user\",\"username\":\"manual\",\"verified\":false,\"url\":\"https:\\/\\/www.vdomax.com\\/@manual\",\"first_name\":\"manual\",\"last_name\":\"1428142175482\",\"live_cover\":\"https:\\/\\/www.vdomax.com\\/clips\\/rtmp\\/manual.png\",\"live_cover_offline\":\"https:\\/\\/www.vdomax.com\\/themes\\/vdomax1.1\\/images\\/offline-channel.png\",\"cover_url\":\"https:\\/\\/www.vdomax.com\\/themes\\/vdomax1.1\\/images\\/default-cover.png\",\"actual_cover_url\":\"https:\\/\\/www.vdomax.com\\/themes\\/vdomax1.1\\/images\\/default-cover.png\",\"online\":false,\"avatar_url\":\"https:\\/\\/www.vdomax.com\\/themes\\/vdomax1.1\\/images\\/default-male-avatar.png\",\"thumbnail_url\":\"https:\\/\\/www.vdomax.com\\/themes\\/vdomax1.1\\/images\\/default-male-avatar.png\",\"birthday\":\"1-1-1990\",\"comment_privacy\":\"everyone\",\"confirm_followers\":\"0\",\"current_city\":\"\",\"follow_privacy\":\"everyone\",\"gender\":\"male\",\"hometown\":\"\",\"message_privacy\":\"everyone\",\"timeline_post_privacy\":\"everyone\",\"birth\":{\"date\":\"1\",\"month\":\"1\",\"year\":\"1990\"},\"verification_link\":\"https:\\/\\/www.vdomax.com\\/?tab1=email-verification&email=manual@gmail.com&key=7ec7dac118775175bbf1bbfa35dbe9e4\"}}","info":{"url":"https://www.vdomax.com/ajax.php?t=register&mobile=1","content_type":"application/json","http_code":200,"header_size":398,"request_size":285,"filetime":-1,"ssl_verify_result":0,"redirect_count":0,"total_time":8.056655,"namelookup_time":0.000149,"connect_time":0.000228,"pretransfer_time":0.016397,"size_upload":133,"size_download":1589,"speed_download":197,"speed_upload":16,"download_content_length":1589,"upload_content_length":0,"starttransfer_time":8.056628,"redirect_time":0,"certinfo":[],"primary_ip":"150.107.31.9","redirect_url":""}} []
[2015-04-04 19:02:10] production.INFO: ========== Follow post ========== [] []
[2015-04-04 19:02:21] production.INFO: ========== Follow post ========== [] []
[2015-04-04 19:02:26] production.INFO: ========== Follow post ========== [] []
[2015-04-04 22:00:13] production.INFO: ========== Follow post ========== [] []
