[2015-07-06 06:05:54] production.INFO: ========== Like post ========== [] []
[2015-07-06 06:05:54] production.INFO: Inputs {"id":"226693"} []
[2015-07-06 06:05:54] production.INFO: Result {"headers":{"HTTP/1.1":"200 OK","Server":"nginx/1.0.15","Date":"Sun, 05 Jul 2015 23:07:59 GMT","Content-Type":"application/json","Connection":"keep-alive","X-Powered-By":"PHP/5.4.37","Set-Cookie":"PHPSESSID=ae8hm5nmd2b06lmff5agtee427; path=/","Expires":"Thu, 19 Nov 1981 08:52:00 GMT","Cache-Control":"no-store, no-cache, must-revalidate, post-check=0, pre-check=0","Pragma":"no-cache","Content-Length":"439","Front-End-Https":"on"},"body":"{\"status\":200,\"button_html\":\"<button class=\\\"story-like-btn break\\\" type=\\\"button\\\" onclick=\\\"SK_registerStoryLike(226693);\\\" title=\\\"Loved\\\">\\n\\t<i class=\\\"icon-heart-empty progress-icon\\\" data-icon=\\\"heart-empty\\\"><\\/i> Loved<\\/button>\",\"activity_html\":\"<span class=\\\"like-activity activity-btn\\\" onclick=\\\"SK_getStoryLikes(226693);\\\" title=\\\"Loves\\\">\\n    1    <i class=\\\"icon-heart progress-icon\\\" data-icon=\\\"heart\\\"><\\/i>\\n<\\/span>\"}","info":{"url":"https://www.vdomax.com/ajax.php?t=post&a=like&post_id=226693&token=&user_id=5145&user_pass=5ee0ba9cf145e6a6f74ae1d9bdd09a46&timeline_id=5145","content_type":"application/json","http_code":200,"header_size":397,"request_size":170,"filetime":-1,"ssl_verify_result":0,"redirect_count":0,"total_time":0.130598,"namelookup_time":0.060513,"connect_time":0.062714,"pretransfer_time":0.071357,"size_upload":0,"size_download":439,"speed_download":3361,"speed_upload":0,"download_content_length":439,"upload_content_length":0,"starttransfer_time":0.130553,"redirect_time":0,"redirect_url":"","primary_ip":"150.107.31.9","certinfo":[],"primary_port":443,"local_ip":"150.107.31.21","local_port":47358}} []
[2015-07-06 10:37:42] production.INFO: ========== Follow post ========== [] []
[2015-07-06 10:38:05] production.INFO: ========== Follow post ========== [] []
[2015-07-06 10:41:13] production.INFO: ========== Follow post ========== [] []
[2015-07-06 10:44:43] production.INFO: ========== Follow post ========== [] []
[2015-07-06 10:48:18] production.INFO: ========== Follow post ========== [] []
[2015-07-06 10:51:18] production.INFO: ========== Follow post ========== [] []
[2015-07-06 10:51:30] production.INFO: ========== Follow post ========== [] []
[2015-07-06 10:52:26] production.INFO: ========== Follow post ========== [] []
[2015-07-06 15:16:46] production.INFO: ========== Follow post ========== [] []
[2015-07-06 15:17:44] production.INFO: ========== Like post ========== [] []
[2015-07-06 15:17:44] production.INFO: Inputs {"id":"226707"} []
[2015-07-06 15:17:44] production.INFO: Result {"headers":{"HTTP/1.1":"200 OK","Server":"nginx/1.0.15","Date":"Mon, 06 Jul 2015 08:19:50 GMT","Content-Type":"application/json","Connection":"keep-alive","X-Powered-By":"PHP/5.4.37","Set-Cookie":"PHPSESSID=9onc838ojq51vmnv3j8hj7bco1; path=/","Expires":"Thu, 19 Nov 1981 08:52:00 GMT","Cache-Control":"no-store, no-cache, must-revalidate, post-check=0, pre-check=0","Pragma":"no-cache","Content-Length":"439","Front-End-Https":"on"},"body":"{\"status\":200,\"button_html\":\"<button class=\\\"story-like-btn break\\\" type=\\\"button\\\" onclick=\\\"SK_registerStoryLike(226707);\\\" title=\\\"Loved\\\">\\n\\t<i class=\\\"icon-heart-empty progress-icon\\\" data-icon=\\\"heart-empty\\\"><\\/i> Loved<\\/button>\",\"activity_html\":\"<span class=\\\"like-activity activity-btn\\\" onclick=\\\"SK_getStoryLikes(226707);\\\" title=\\\"Loves\\\">\\n    1    <i class=\\\"icon-heart progress-icon\\\" data-icon=\\\"heart\\\"><\\/i>\\n<\\/span>\"}","info":{"url":"https://www.vdomax.com/ajax.php?t=post&a=like&post_id=226707&token=&user_id=3082&user_pass=546f1438106eb39e159e8bf9b366eb57&timeline_id=3082","content_type":"application/json","http_code":200,"header_size":397,"request_size":170,"filetime":-1,"ssl_verify_result":0,"redirect_count":0,"total_time":0.284797,"namelookup_time":0.060456,"connect_time":0.060673,"pretransfer_time":0.070073,"size_upload":0,"size_download":439,"speed_download":1541,"speed_upload":0,"download_content_length":439,"upload_content_length":0,"starttransfer_time":0.284761,"redirect_time":0,"redirect_url":"","primary_ip":"150.107.31.9","certinfo":[],"primary_port":443,"local_ip":"150.107.31.21","local_port":53137}} []
[2015-07-06 15:23:03] production.INFO: ========== Follow post ========== [] []
[2015-07-06 17:48:40] production.INFO: ========== Follow post ========== [] []
[2015-07-06 17:48:41] production.INFO: ========== Follow post ========== [] []
[2015-07-06 17:49:04] production.INFO: ========== Follow post ========== [] []
[2015-07-06 17:49:22] production.INFO: ========== Follow post ========== [] []
[2015-07-06 17:49:45] production.INFO: ========== Follow post ========== [] []
[2015-07-06 17:51:30] production.INFO: ========== Follow post ========== [] []
[2015-07-06 17:51:35] production.INFO: ========== Follow post ========== [] []
[2015-07-06 17:52:26] production.INFO: ========== Follow post ========== [] []
[2015-07-06 17:52:38] production.INFO: ========== Follow post ========== [] []
[2015-07-06 17:52:49] production.INFO: ========== Follow post ========== [] []
[2015-07-06 17:52:54] production.INFO: ========== Follow post ========== [] []
[2015-07-06 17:53:14] production.INFO: ========== Follow post ========== [] []
[2015-07-06 17:53:46] production.INFO: ========== Follow post ========== [] []
[2015-07-06 18:07:50] production.INFO: ========== Follow post ========== [] []
