[2015-04-01 00:17:50] production.INFO: ========== Follow post ========== [] []
[2015-04-01 01:10:09] production.INFO: ========== Follow post ========== [] []
[2015-04-01 01:15:41] production.INFO: ========== Follow post ========== [] []
[2015-04-01 01:18:28] production.INFO: ========== Follow post ========== [] []
[2015-04-01 01:23:03] production.INFO: ========== Follow post ========== [] []
[2015-04-01 01:24:39] production.INFO: ========== Follow post ========== [] []
[2015-04-01 01:33:30] production.INFO: ========== Follow post ========== [] []
[2015-04-01 01:34:15] production.INFO: ========== Follow post ========== [] []
[2015-04-01 01:34:20] production.INFO: ========== Follow post ========== [] []
[2015-04-01 01:34:22] production.INFO: ========== Follow post ========== [] []
[2015-04-01 01:35:58] production.INFO: ========== Follow post ========== [] []
[2015-04-01 01:36:00] production.INFO: ========== Follow post ========== [] []
[2015-04-01 08:37:21] production.INFO: ========== Follow post ========== [] []
[2015-04-01 08:37:33] production.INFO: ========== Follow post ========== [] []
[2015-04-01 08:38:42] production.INFO: ========== Follow post ========== [] []
[2015-04-01 08:43:55] production.INFO: ========== Follow post ========== [] []
[2015-04-01 08:43:58] production.INFO: ========== Follow post ========== [] []
[2015-04-01 08:45:49] production.INFO: ========== Follow post ========== [] []
[2015-04-01 08:46:41] production.INFO: ========== Follow post ========== [] []
[2015-04-01 09:04:21] production.INFO: ========== Follow post ========== [] []
[2015-04-01 09:14:42] production.INFO: ========== Follow post ========== [] []
[2015-04-01 09:20:37] production.INFO: ========== Follow post ========== [] []
[2015-04-01 09:27:28] production.INFO: ========== Follow post ========== [] []
[2015-04-01 09:27:53] production.INFO: ========== Follow post ========== [] []
[2015-04-01 09:52:36] production.INFO: ========== Follow post ========== [] []
[2015-04-01 10:01:40] production.INFO: ========== Follow post ========== [] []
[2015-04-01 10:07:10] production.INFO: ========== Follow post ========== [] []
[2015-04-01 10:09:45] production.INFO: ========== Follow post ========== [] []
[2015-04-01 10:10:10] production.INFO: ========== Follow post ========== [] []
[2015-04-01 10:10:19] production.INFO: ========== Follow post ========== [] []
[2015-04-01 10:38:49] production.INFO: ========== Follow post ========== [] []
[2015-04-01 10:38:56] production.INFO: ========== Follow post ========== [] []
[2015-04-01 10:39:02] production.INFO: ========== Follow post ========== [] []
[2015-04-01 10:39:04] production.INFO: ========== Follow post ========== [] []
[2015-04-01 10:39:10] production.INFO: ========== Follow post ========== [] []
[2015-04-01 10:39:16] production.INFO: ========== Follow post ========== [] []
[2015-04-01 16:55:23] production.INFO: ========== Like post ========== [] []
[2015-04-01 16:55:23] production.INFO: Inputs {"id":"217719"} []
[2015-04-01 16:55:23] production.INFO: Result {"headers":{"HTTP/1.1":"200 OK","Server":"nginx/1.0.15","Date":"Wed, 01 Apr 2015 09:55:23 GMT","Content-Type":"application/json","Connection":"keep-alive","X-Powered-By":"PHP/5.4.37","Set-Cookie":"PHPSESSID=a9jo5kr7fcja8a0tlai3i8tr11; path=/","Expires":"Thu, 19 Nov 1981 08:52:00 GMT","Cache-Control":"no-store, no-cache, must-revalidate, post-check=0, pre-check=0","Pragma":"no-cache","Content-Length":"439","Front-End-Https":"on"},"body":"{\"status\":200,\"button_html\":\"<button class=\\\"story-like-btn break\\\" type=\\\"button\\\" onclick=\\\"SK_registerStoryLike(217719);\\\" title=\\\"Loved\\\">\\n\\t<i class=\\\"icon-heart-empty progress-icon\\\" data-icon=\\\"heart-empty\\\"><\\/i> Loved<\\/button>\",\"activity_html\":\"<span class=\\\"like-activity activity-btn\\\" onclick=\\\"SK_getStoryLikes(217719);\\\" title=\\\"Loves\\\">\\n    1    <i class=\\\"icon-heart progress-icon\\\" data-icon=\\\"heart\\\"><\\/i>\\n<\\/span>\"}","info":{"url":"https://www.vdomax.com/ajax.php?t=post&a=like&post_id=217719&token=&user_id=6&user_pass=039a726ac0aeec3dde33e45387a7d4ac&timeline_id=6","content_type":"application/json","http_code":200,"header_size":397,"request_size":164,"filetime":-1,"ssl_verify_result":0,"redirect_count":0,"total_time":0.075685,"namelookup_time":0.000166,"connect_time":0.000258,"pretransfer_time":0.017531,"size_upload":0,"size_download":439,"speed_download":5800,"speed_upload":0,"download_content_length":439,"upload_content_length":0,"starttransfer_time":0.075641,"redirect_time":0,"certinfo":[],"primary_ip":"150.107.31.9","redirect_url":""}} []
[2015-04-01 16:55:25] production.INFO: ========== Like post ========== [] []
[2015-04-01 16:55:25] production.INFO: Inputs {"id":"217719"} []
[2015-04-01 16:55:25] production.INFO: Result {"headers":{"HTTP/1.1":"200 OK","Server":"nginx/1.0.15","Date":"Wed, 01 Apr 2015 09:55:25 GMT","Content-Type":"application/json","Connection":"keep-alive","X-Powered-By":"PHP/5.4.37","Set-Cookie":"PHPSESSID=p2ds70hrtkoht05latvroiqgt5; path=/","Expires":"Thu, 19 Nov 1981 08:52:00 GMT","Cache-Control":"no-store, no-cache, must-revalidate, post-check=0, pre-check=0","Pragma":"no-cache","Content-Length":"424","Front-End-Https":"on"},"body":"{\"status\":200,\"button_html\":\"<button class=\\\"story-like-btn love\\\" type=\\\"button\\\" onclick=\\\"SK_registerStoryLike(217719);\\\" title=\\\"Love\\\">\\n\\t<i class=\\\"icon-heart progress-icon\\\" data-icon=\\\"heart\\\"><\\/i> Love<\\/button>\",\"activity_html\":\"<span class=\\\"like-activity activity-btn\\\" onclick=\\\"SK_getStoryLikes(217719);\\\" title=\\\"Loves\\\">\\n    0    <i class=\\\"icon-heart progress-icon\\\" data-icon=\\\"heart\\\"><\\/i>\\n<\\/span>\"}","info":{"url":"https://www.vdomax.com/ajax.php?t=post&a=like&post_id=217719&token=&user_id=6&user_pass=039a726ac0aeec3dde33e45387a7d4ac&timeline_id=6","content_type":"application/json","http_code":200,"header_size":397,"request_size":164,"filetime":-1,"ssl_verify_result":0,"redirect_count":0,"total_time":0.077969,"namelookup_time":0.000179,"connect_time":0.00027,"pretransfer_time":0.020478,"size_upload":0,"size_download":424,"speed_download":5438,"speed_upload":0,"download_content_length":424,"upload_content_length":0,"starttransfer_time":0.077934,"redirect_time":0,"certinfo":[],"primary_ip":"150.107.31.9","redirect_url":""}} []
[2015-04-01 16:55:26] production.INFO: ========== Like post ========== [] []
[2015-04-01 16:55:26] production.INFO: Inputs {"id":"217719"} []
[2015-04-01 16:55:26] production.INFO: Result {"headers":{"HTTP/1.1":"200 OK","Server":"nginx/1.0.15","Date":"Wed, 01 Apr 2015 09:55:26 GMT","Content-Type":"application/json","Connection":"keep-alive","X-Powered-By":"PHP/5.4.37","Set-Cookie":"PHPSESSID=ef08pme9qon8hg6i96i6i4qpf2; path=/","Expires":"Thu, 19 Nov 1981 08:52:00 GMT","Cache-Control":"no-store, no-cache, must-revalidate, post-check=0, pre-check=0","Pragma":"no-cache","Content-Length":"439","Front-End-Https":"on"},"body":"{\"status\":200,\"button_html\":\"<button class=\\\"story-like-btn break\\\" type=\\\"button\\\" onclick=\\\"SK_registerStoryLike(217719);\\\" title=\\\"Loved\\\">\\n\\t<i class=\\\"icon-heart-empty progress-icon\\\" data-icon=\\\"heart-empty\\\"><\\/i> Loved<\\/button>\",\"activity_html\":\"<span class=\\\"like-activity activity-btn\\\" onclick=\\\"SK_getStoryLikes(217719);\\\" title=\\\"Loves\\\">\\n    1    <i class=\\\"icon-heart progress-icon\\\" data-icon=\\\"heart\\\"><\\/i>\\n<\\/span>\"}","info":{"url":"https://www.vdomax.com/ajax.php?t=post&a=like&post_id=217719&token=&user_id=6&user_pass=039a726ac0aeec3dde33e45387a7d4ac&timeline_id=6","content_type":"application/json","http_code":200,"header_size":397,"request_size":164,"filetime":-1,"ssl_verify_result":0,"redirect_count":0,"total_time":0.072172,"namelookup_time":0.000143,"connect_time":0.000222,"pretransfer_time":0.016494,"size_upload":0,"size_download":439,"speed_download":6082,"speed_upload":0,"download_content_length":439,"upload_content_length":0,"starttransfer_time":0.072138,"redirect_time":0,"certinfo":[],"primary_ip":"150.107.31.9","redirect_url":""}} []
[2015-04-01 16:55:26] production.INFO: ========== Like post ========== [] []
[2015-04-01 16:55:26] production.INFO: Inputs {"id":"217719"} []
[2015-04-01 16:55:26] production.INFO: Result {"headers":{"HTTP/1.1":"200 OK","Server":"nginx/1.0.15","Date":"Wed, 01 Apr 2015 09:55:26 GMT","Content-Type":"application/json","Connection":"keep-alive","X-Powered-By":"PHP/5.4.37","Set-Cookie":"PHPSESSID=inavjs69oaets0nqkhu9lme3f4; path=/","Expires":"Thu, 19 Nov 1981 08:52:00 GMT","Cache-Control":"no-store, no-cache, must-revalidate, post-check=0, pre-check=0","Pragma":"no-cache","Content-Length":"424","Front-End-Https":"on"},"body":"{\"status\":200,\"button_html\":\"<button class=\\\"story-like-btn love\\\" type=\\\"button\\\" onclick=\\\"SK_registerStoryLike(217719);\\\" title=\\\"Love\\\">\\n\\t<i class=\\\"icon-heart progress-icon\\\" data-icon=\\\"heart\\\"><\\/i> Love<\\/button>\",\"activity_html\":\"<span class=\\\"like-activity activity-btn\\\" onclick=\\\"SK_getStoryLikes(217719);\\\" title=\\\"Loves\\\">\\n    0    <i class=\\\"icon-heart progress-icon\\\" data-icon=\\\"heart\\\"><\\/i>\\n<\\/span>\"}","info":{"url":"https://www.vdomax.com/ajax.php?t=post&a=like&post_id=217719&token=&user_id=6&user_pass=039a726ac0aeec3dde33e45387a7d4ac&timeline_id=6","content_type":"application/json","http_code":200,"header_size":397,"request_size":164,"filetime":-1,"ssl_verify_result":0,"redirect_count":0,"total_time":0.073136,"namelookup_time":0.000141,"connect_time":0.000198,"pretransfer_time":0.016131,"size_upload":0,"size_download":424,"speed_download":5797,"speed_upload":0,"download_content_length":424,"upload_content_length":0,"starttransfer_time":0.0731,"redirect_time":0,"certinfo":[],"primary_ip":"150.107.31.9","redirect_url":""}} []
[2015-04-01 16:55:26] production.INFO: ========== Like post ========== [] []
[2015-04-01 16:55:26] production.INFO: Inputs {"id":"217719"} []
[2015-04-01 16:55:27] production.INFO: Result {"headers":{"HTTP/1.1":"200 OK","Server":"nginx/1.0.15","Date":"Wed, 01 Apr 2015 09:55:27 GMT","Content-Type":"application/json","Connection":"keep-alive","X-Powered-By":"PHP/5.4.37","Set-Cookie":"PHPSESSID=344ikau9a8ha70fo4et78640l4; path=/","Expires":"Thu, 19 Nov 1981 08:52:00 GMT","Cache-Control":"no-store, no-cache, must-revalidate, post-check=0, pre-check=0","Pragma":"no-cache","Content-Length":"439","Front-End-Https":"on"},"body":"{\"status\":200,\"button_html\":\"<button class=\\\"story-like-btn break\\\" type=\\\"button\\\" onclick=\\\"SK_registerStoryLike(217719);\\\" title=\\\"Loved\\\">\\n\\t<i class=\\\"icon-heart-empty progress-icon\\\" data-icon=\\\"heart-empty\\\"><\\/i> Loved<\\/button>\",\"activity_html\":\"<span class=\\\"like-activity activity-btn\\\" onclick=\\\"SK_getStoryLikes(217719);\\\" title=\\\"Loves\\\">\\n    1    <i class=\\\"icon-heart progress-icon\\\" data-icon=\\\"heart\\\"><\\/i>\\n<\\/span>\"}","info":{"url":"https://www.vdomax.com/ajax.php?t=post&a=like&post_id=217719&token=&user_id=6&user_pass=039a726ac0aeec3dde33e45387a7d4ac&timeline_id=6","content_type":"application/json","http_code":200,"header_size":397,"request_size":164,"filetime":-1,"ssl_verify_result":0,"redirect_count":0,"total_time":0.073359,"namelookup_time":0.000171,"connect_time":0.000248,"pretransfer_time":0.016645,"size_upload":0,"size_download":439,"speed_download":5984,"speed_upload":0,"download_content_length":439,"upload_content_length":0,"starttransfer_time":0.073323,"redirect_time":0,"certinfo":[],"primary_ip":"150.107.31.9","redirect_url":""}} []
[2015-04-01 22:37:09] production.INFO: ========== Follow post ========== [] []
